<?xml version="1.0" encoding="UTF-8"?>
<testng-results ignored="0" total="1" passed="1" failed="0" skipped="0">
  <reporter-output>
  </reporter-output>
  <suite started-at="2026-01-21T07:22:33 IST" name="CucumberSuite" finished-at="2026-01-21T07:23:09 IST" duration-ms="36405">
    <groups>
      <group name="cucumber">
        <method signature="AbstractTestNGCucumberTests.runScenario(io.cucumber.testng.PickleWrapper,io.cucumber.testng.FeatureWrapper)[pri:0, instance:com.test.runner.Runner@2b71e916]" name="runScenario" class="io.cucumber.testng.AbstractTestNGCucumberTests"/>
      </group> <!-- cucumber -->
    </groups>
    <test started-at="2026-01-21T07:22:33 IST" name="CucumberTests" finished-at="2026-01-21T07:23:09 IST" duration-ms="36405">
      <class name="com.test.runner.Runner">
        <test-method is-config="true" signature="setUpClass(org.testng.ITestContext)[pri:0, instance:com.test.runner.Runner@2b71e916]" started-at="2026-01-21T07:22:33 IST" name="setUpClass" finished-at="2026-01-21T07:22:33 IST" duration-ms="66" status="PASS">
          <params>
            <param index="0">
              <value>
                <![CDATA[org.testng.TestRunner@7a22a3c2]]>
              </value>
            </param>
          </params>
          <reporter-output>
          </reporter-output>
        </test-method> <!-- setUpClass -->
        <test-method signature="runScenario(io.cucumber.testng.PickleWrapper,io.cucumber.testng.FeatureWrapper)[pri:0, instance:com.test.runner.Runner@2b71e916]" started-at="2026-01-21T07:22:33 IST" name="runScenario" description="Runs Cucumber Scenarios" data-provider="scenarios" finished-at="2026-01-21T07:23:09 IST" duration-ms="36324" status="PASS">
          <params>
            <param index="0">
              <value>
                <![CDATA["Open Naukri and Update Resume"]]>
              </value>
            </param>
            <param index="1">
              <value>
                <![CDATA["Update Resume"]]>
              </value>
            </param>
          </params>
          <reporter-output>
          </reporter-output>
        </test-method> <!-- runScenario -->
        <test-method is-config="true" signature="tearDownClass()[pri:0, instance:com.test.runner.Runner@2b71e916]" started-at="2026-01-21T07:23:09 IST" name="tearDownClass" finished-at="2026-01-21T07:23:09 IST" duration-ms="1" status="PASS">
          <reporter-output>
          </reporter-output>
        </test-method> <!-- tearDownClass -->
        <test-method is-config="true" signature="cleanUp()[pri:0, instance:com.test.runner.Runner@2b71e916]" started-at="2026-01-21T07:23:09 IST" name="cleanUp" finished-at="2026-01-21T07:23:09 IST" duration-ms="0" status="PASS">
          <reporter-output>
          </reporter-output>
        </test-method> <!-- cleanUp -->
      </class> <!-- com.test.runner.Runner -->
    </test> <!-- CucumberTests -->
  </suite> <!-- CucumberSuite -->
</testng-results>
