<?xml version="1.0" encoding="UTF-8"?>
<testng-results ignored="0" total="1" passed="1" failed="0" skipped="0">
  <reporter-output>
  </reporter-output>
  <suite started-at="2025-06-11T07:04:03 IST" name="Default suite" finished-at="2025-06-11T07:05:56 IST" duration-ms="113437">
    <groups>
      <group name="cucumber">
        <method signature="AbstractTestNGCucumberTests.runScenario(io.cucumber.testng.PickleWrapper,io.cucumber.testng.FeatureWrapper)[pri:0, instance:com.test.runner.Runner@37883b97]" name="runScenario" class="io.cucumber.testng.AbstractTestNGCucumberTests"/>
      </group> <!-- cucumber -->
    </groups>
    <test started-at="2025-06-11T07:04:03 IST" name="Default test" finished-at="2025-06-11T07:05:56 IST" duration-ms="113437">
      <class name="com.test.runner.Runner">
        <test-method is-config="true" signature="setUpClass(org.testng.ITestContext)[pri:0, instance:com.test.runner.Runner@37883b97]" started-at="2025-06-11T07:04:03 IST" name="setUpClass" finished-at="2025-06-11T07:04:03 IST" duration-ms="294" status="PASS">
          <params>
            <param index="0">
              <value>
                <![CDATA[org.testng.TestRunner@720653c2]]>
              </value>
            </param>
          </params>
          <reporter-output>
          </reporter-output>
        </test-method> <!-- setUpClass -->
        <test-method signature="runScenario(io.cucumber.testng.PickleWrapper,io.cucumber.testng.FeatureWrapper)[pri:0, instance:com.test.runner.Runner@37883b97]" started-at="2025-06-11T07:04:03 IST" name="runScenario" description="Runs Cucumber Scenarios" data-provider="scenarios" finished-at="2025-06-11T07:05:56 IST" duration-ms="113079" status="PASS">
          <params>
            <param index="0">
              <value>
                <![CDATA["Open Naukri and Update Resume"]]>
              </value>
            </param>
            <param index="1">
              <value>
                <![CDATA["Update Resume"]]>
              </value>
            </param>
          </params>
          <reporter-output>
          </reporter-output>
        </test-method> <!-- runScenario -->
        <test-method is-config="true" signature="tearDownClass()[pri:0, instance:com.test.runner.Runner@37883b97]" started-at="2025-06-11T07:05:56 IST" name="tearDownClass" finished-at="2025-06-11T07:05:56 IST" duration-ms="4" status="PASS">
          <reporter-output>
          </reporter-output>
        </test-method> <!-- tearDownClass -->
        <test-method is-config="true" signature="cleanUp()[pri:0, instance:com.test.runner.Runner@37883b97]" started-at="2025-06-11T07:05:57 IST" name="cleanUp" finished-at="2025-06-11T07:05:57 IST" duration-ms="2" status="PASS">
          <reporter-output>
          </reporter-output>
        </test-method> <!-- cleanUp -->
      </class> <!-- com.test.runner.Runner -->
    </test> <!-- Default test -->
  </suite> <!-- Default suite -->
</testng-results>
